C:\USERS\GUIDO\DOCUMENTS\IMAGE CAMPUS\ENGINE2D\TMP\ANIMATION.OBJ
C:\USERS\GUIDO\DOCUMENTS\IMAGE CAMPUS\ENGINE2D\TMP\BOX.OBJ
C:\USERS\GUIDO\DOCUMENTS\IMAGE CAMPUS\ENGINE2D\TMP\CIRCLE.OBJ
C:\USERS\GUIDO\DOCUMENTS\IMAGE CAMPUS\ENGINE2D\TMP\DIRECTINPUT.OBJ
C:\USERS\GUIDO\DOCUMENTS\IMAGE CAMPUS\ENGINE2D\TMP\ENTITY2D.OBJ
C:\USERS\GUIDO\DOCUMENTS\IMAGE CAMPUS\ENGINE2D\TMP\GAME.OBJ
C:\USERS\GUIDO\DOCUMENTS\IMAGE CAMPUS\ENGINE2D\TMP\IMPORTER.OBJ
C:\USERS\GUIDO\DOCUMENTS\IMAGE CAMPUS\ENGINE2D\TMP\INPUT.OBJ
C:\USERS\GUIDO\DOCUMENTS\IMAGE CAMPUS\ENGINE2D\TMP\MATHF.OBJ
C:\USERS\GUIDO\DOCUMENTS\IMAGE CAMPUS\ENGINE2D\TMP\RENDERER.OBJ
C:\USERS\GUIDO\DOCUMENTS\IMAGE CAMPUS\ENGINE2D\TMP\SHAPE.OBJ
C:\USERS\GUIDO\DOCUMENTS\IMAGE CAMPUS\ENGINE2D\TMP\SPRITE.OBJ
C:\USERS\GUIDO\DOCUMENTS\IMAGE CAMPUS\ENGINE2D\TMP\TEXTURE.OBJ
C:\USERS\GUIDO\DOCUMENTS\IMAGE CAMPUS\ENGINE2D\TMP\TILEMAP.OBJ
C:\USERS\GUIDO\DOCUMENTS\IMAGE CAMPUS\ENGINE2D\TMP\TIMER.OBJ
C:\USERS\GUIDO\DOCUMENTS\IMAGE CAMPUS\ENGINE2D\TMP\TINYXML2.OBJ
C:\USERS\GUIDO\DOCUMENTS\IMAGE CAMPUS\ENGINE2D\TMP\TRIANGLE.OBJ
C:\USERS\GUIDO\DOCUMENTS\IMAGE CAMPUS\ENGINE2D\TMP\WINDOW.OBJ
C:\USERS\GUIDO\DOCUMENTS\IMAGE CAMPUS\ENGINE2D\TMP\VC110.PDB
C:\Users\Guido\Documents\Image Campus\Engine2D\bin\Debug\Engine2D.lib
C:\Users\Guido\Documents\Image Campus\Engine2D\bin\Debug\Engine2D.exp
C:\USERS\GUIDO\DOCUMENTS\IMAGE CAMPUS\ENGINE2D\BIN\DEBUG\ENGINE2D.ILK
C:\USERS\GUIDO\DOCUMENTS\IMAGE CAMPUS\ENGINE2D\BIN\DEBUG\ENGINE2D.DLL
C:\USERS\GUIDO\DOCUMENTS\IMAGE CAMPUS\ENGINE2D\BIN\DEBUG\ENGINE2D.PDB
C:\Users\Guido\Documents\Image Campus\Engine2D\tmp\Animation.obj
C:\Users\Guido\Documents\Image Campus\Engine2D\tmp\Box.obj
C:\Users\Guido\Documents\Image Campus\Engine2D\tmp\Circle.obj
C:\Users\Guido\Documents\Image Campus\Engine2D\tmp\DirectInput.obj
C:\Users\Guido\Documents\Image Campus\Engine2D\tmp\Entity2D.obj
C:\Users\Guido\Documents\Image Campus\Engine2D\tmp\Game.obj
C:\Users\Guido\Documents\Image Campus\Engine2D\tmp\Importer.obj
C:\Users\Guido\Documents\Image Campus\Engine2D\tmp\Input.obj
C:\Users\Guido\Documents\Image Campus\Engine2D\tmp\MathF.obj
C:\Users\Guido\Documents\Image Campus\Engine2D\tmp\Renderer.obj
C:\Users\Guido\Documents\Image Campus\Engine2D\tmp\Shape.obj
C:\Users\Guido\Documents\Image Campus\Engine2D\tmp\Sprite.obj
C:\Users\Guido\Documents\Image Campus\Engine2D\tmp\Texture.obj
C:\Users\Guido\Documents\Image Campus\Engine2D\tmp\TileMap.obj
C:\Users\Guido\Documents\Image Campus\Engine2D\tmp\Timer.obj
C:\Users\Guido\Documents\Image Campus\Engine2D\tmp\tinyxml2.obj
C:\Users\Guido\Documents\Image Campus\Engine2D\tmp\Triangle.obj
C:\Users\Guido\Documents\Image Campus\Engine2D\tmp\Window.obj
C:\Users\Guido\Documents\Image Campus\Engine2D\tmp\cl.command.1.tlog
C:\Users\Guido\Documents\Image Campus\Engine2D\tmp\CL.read.1.tlog
C:\Users\Guido\Documents\Image Campus\Engine2D\tmp\CL.write.1.tlog
C:\Users\Guido\Documents\Image Campus\Engine2D\tmp\Engine2D.write.1.tlog
C:\Users\Guido\Documents\Image Campus\Engine2D\tmp\link-cvtres.read.1.tlog
C:\Users\Guido\Documents\Image Campus\Engine2D\tmp\link-cvtres.write.1.tlog
C:\Users\Guido\Documents\Image Campus\Engine2D\tmp\link-rc.read.1.tlog
C:\Users\Guido\Documents\Image Campus\Engine2D\tmp\link-rc.write.1.tlog
C:\Users\Guido\Documents\Image Campus\Engine2D\tmp\link.command.1.tlog
C:\Users\Guido\Documents\Image Campus\Engine2D\tmp\link.read.1.tlog
C:\Users\Guido\Documents\Image Campus\Engine2D\tmp\link.write.1.tlog
C:\Users\Guido\Documents\Image Campus\Engine2D\tmp\vc110.idb
C:\Users\Guido\Documents\Image Campus\Engine2D\tmp\vc110.pdb
C:\Users\Guido\Documents\Image Campus\Engine2D\bin\Debug\Engine2D.pdb
C:\Users\Guido\Documents\Image Campus\Engine2D\bin\Debug\Engine2D.dll
C:\Users\Guido\Documents\Image Campus\Engine2D\bin\Debug\Engine2D.ilk
