Build started 2015/07/28 11:21:51 a.m..
     1>Project "C:\Users\Guido\Documents\GitHub\Engine-2D\src\Engine2D\Engine2D.vcxproj" on node 2 (Build target(s)).
     1>ClCompile:
         C:\Program Files (x86)\Microsoft Visual Studio 11.0\VC\bin\CL.exe /c /I"C:\Users\Guido\Documents\GitHub\Engine-2D\src\Engine2D\includes" /I"C:\Users\Guido\Documents\GitHub\Engine-2D\res" /Zi /nologo /W3 /WX- /O2 /Oi /Oy- /GL /D _WINDLL /D _MBCS /Gm- /EHsc /MD /GS /Gy /fp:precise /Zc:wchar_t /Zc:forScope /Fo"C:\Users\Guido\Documents\GitHub\Engine-2D\\tmp\\" /Fd"C:\Users\Guido\Documents\GitHub\Engine-2D\\tmp\vc110.pdb" /Gd /TP /analyze- /errorReport:prompt TileMap.cpp
         TileMap.cpp
         Unknown compiler version - please run the configure tests and report the results
     1>TileMap.cpp(4): warning C4068: unknown pragma
     1>TileMap.cpp(31): warning C4996: 'itoa': The POSIX name for this item is deprecated. Instead, use the ISO C++ conformant name: _itoa. See online help for details.
                 C:\Program Files (x86)\Microsoft Visual Studio 11.0\VC\include\stdlib.h(909) : see declaration of 'itoa'
     1>TileMap.cpp(97): warning C4996: 'itoa': The POSIX name for this item is deprecated. Instead, use the ISO C++ conformant name: _itoa. See online help for details.
                 C:\Program Files (x86)\Microsoft Visual Studio 11.0\VC\include\stdlib.h(909) : see declaration of 'itoa'
     1>TileMap.cpp(118): warning C4996: 'itoa': The POSIX name for this item is deprecated. Instead, use the ISO C++ conformant name: _itoa. See online help for details.
                 C:\Program Files (x86)\Microsoft Visual Studio 11.0\VC\include\stdlib.h(909) : see declaration of 'itoa'
       Link:
         C:\Program Files (x86)\Microsoft Visual Studio 11.0\VC\bin\link.exe /ERRORREPORT:PROMPT /OUT:"C:\Users\Guido\Documents\GitHub\Engine-2D\bin\Release\Engine2D.dll" /NOLOGO /LIBPATH:"C:\Users\Guido\Documents\GitHub\Engine-2D\bin/Release/" /LIBPATH:"C:\Users\Guido\Documents\GitHub\Engine-2D\res/tinyxml2/tinyxml2/bin/Win32-Debug-Dll" d3d9.lib winmm.lib d3dx9.lib kernel32.lib user32.lib gdi32.lib winspool.lib comdlg32.lib advapi32.lib shell32.lib ole32.lib oleaut32.lib uuid.lib odbc32.lib odbccp32.lib /MANIFEST /MANIFESTUAC:"level='asInvoker' uiAccess='false'" /manifest:embed /DEBUG /PDB:"C:\Users\Guido\Documents\GitHub\Engine-2D\bin\Release\Engine2D.pdb" /OPT:REF /OPT:ICF /LTCG /TLBID:1 /DYNAMICBASE /NXCOMPAT /IMPLIB:"C:\Users\Guido\Documents\GitHub\Engine-2D\bin\Release\Engine2D.lib" /MACHINE:X86 /SAFESEH /DLL "C:\Users\Guido\Documents\GitHub\Engine-2D\\tmp\Animation.obj"
         "C:\Users\Guido\Documents\GitHub\Engine-2D\\tmp\Box.obj"
         "C:\Users\Guido\Documents\GitHub\Engine-2D\\tmp\Circle.obj"
         "C:\Users\Guido\Documents\GitHub\Engine-2D\\tmp\DirectInput.obj"
         "C:\Users\Guido\Documents\GitHub\Engine-2D\\tmp\Entity2D.obj"
         "C:\Users\Guido\Documents\GitHub\Engine-2D\\tmp\Game.obj"
         "C:\Users\Guido\Documents\GitHub\Engine-2D\\tmp\Importer.obj"
         "C:\Users\Guido\Documents\GitHub\Engine-2D\\tmp\Input.obj"
         "C:\Users\Guido\Documents\GitHub\Engine-2D\\tmp\MathF.obj"
         "C:\Users\Guido\Documents\GitHub\Engine-2D\\tmp\Renderer.obj"
         "C:\Users\Guido\Documents\GitHub\Engine-2D\\tmp\Scene.obj"
         "C:\Users\Guido\Documents\GitHub\Engine-2D\\tmp\Shape.obj"
         "C:\Users\Guido\Documents\GitHub\Engine-2D\\tmp\Sprite.obj"
         "C:\Users\Guido\Documents\GitHub\Engine-2D\\tmp\Texture.obj"
         "C:\Users\Guido\Documents\GitHub\Engine-2D\\tmp\TileMap.obj"
         "C:\Users\Guido\Documents\GitHub\Engine-2D\\tmp\Timer.obj"
         "C:\Users\Guido\Documents\GitHub\Engine-2D\\tmp\tinyxml2.obj"
         "C:\Users\Guido\Documents\GitHub\Engine-2D\\tmp\Triangle.obj"
         "C:\Users\Guido\Documents\GitHub\Engine-2D\\tmp\Window.obj"
         "C:\Users\Guido\Documents\GitHub\Engine-2D\\tmp\XMLParser.obj"
            Creating library C:\Users\Guido\Documents\GitHub\Engine-2D\bin\Release\Engine2D.lib and object C:\Users\Guido\Documents\GitHub\Engine-2D\bin\Release\Engine2D.exp
         Generating code
     1>c:\users\guido\documents\github\engine-2d\src\engine2d\xmlparser.cpp(342): warning C4717: '_strnicmp' : recursive on all control paths, function will cause runtime stack overflow
     1>c:\users\guido\documents\github\engine-2d\src\engine2d\scene.cpp(229): warning C4715: 'Engine::Scene::ChangeEntityFromCollidersGroup' : not all control paths return a value
         Finished generating code
         Engine2D.vcxproj -> C:\Users\Guido\Documents\GitHub\Engine-2D\bin\Release\Engine2D.dll
     1>Done Building Project "C:\Users\Guido\Documents\GitHub\Engine-2D\src\Engine2D\Engine2D.vcxproj" (Build target(s)).

Build succeeded.

Time Elapsed 00:00:07.05
