  MyCustomScene.cpp
c:\users\guido\desktop\gráficos\root\trunk\myengine\myengine1.0\scene.h(39): warning C4251: 'engine::Scene::m_sName': class 'std::basic_string<char,std::char_traits<char>,std::allocator<char>>' needs to have dll-interface to be used by clients of class 'engine::Scene'
  c:\program files (x86)\microsoft visual studio 14.0\vc\include\xstring(2628): note: see declaration of 'std::basic_string<char,std::char_traits<char>,std::allocator<char>>'
c:\users\guido\desktop\gráficos\root\trunk\myengine\myengine1.0\scene.h(40): warning C4251: 'engine::Scene::m_mapaEntity': class 'std::map<std::string,engine::Entity *,std::less<_Kty>,std::allocator<std::pair<const _Kty,_Ty>>>' needs to have dll-interface to be used by clients of class 'engine::Scene'
          with
          [
              _Kty=std::string,
              _Ty=engine::Entity *
          ]
  c:\users\guido\desktop\gráficos\root\trunk\myengine\myengine1.0\scene.h(40): note: see declaration of 'std::map<std::string,engine::Entity *,std::less<_Kty>,std::allocator<std::pair<const _Kty,_Ty>>>'
          with
          [
              _Kty=std::string,
              _Ty=engine::Entity *
          ]
c:\users\guido\desktop\gráficos\root\trunk\myengine\myengine1.0\scene.h(41): warning C4251: 'engine::Scene::m_mIteratorEntity': class 'std::_Tree_iterator<std::_Tree_val<std::_Tree_simple_types<std::pair<const _Kty,_Ty>>>>' needs to have dll-interface to be used by clients of class 'engine::Scene'
          with
          [
              _Kty=std::string,
              _Ty=engine::Entity *
          ]
  c:\program files (x86)\microsoft visual studio 14.0\vc\include\xtree(652): note: see declaration of 'std::_Tree_iterator<std::_Tree_val<std::_Tree_simple_types<std::pair<const _Kty,_Ty>>>>'
          with
          [
              _Kty=std::string,
              _Ty=engine::Entity *
          ]
c:\users\guido\desktop\gráficos\root\trunk\myengine\myengine1.0\scene.h(42): warning C4251: 'engine::Scene::m_mTileMaps': class 'std::map<std::string,engine::TileMap *,std::less<_Kty>,std::allocator<std::pair<const _Kty,_Ty>>>' needs to have dll-interface to be used by clients of class 'engine::Scene'
          with
          [
              _Kty=std::string,
              _Ty=engine::TileMap *
          ]
  c:\users\guido\desktop\gráficos\root\trunk\myengine\myengine1.0\scene.h(42): note: see declaration of 'std::map<std::string,engine::TileMap *,std::less<_Kty>,std::allocator<std::pair<const _Kty,_Ty>>>'
          with
          [
              _Kty=std::string,
              _Ty=engine::TileMap *
          ]
c:\users\guido\desktop\gráficos\root\trunk\myengine\myengine1.0\scene.h(43): warning C4251: 'engine::Scene::m_mTileMapsIter': class 'std::_Tree_iterator<std::_Tree_val<std::_Tree_simple_types<std::pair<const _Kty,_Ty>>>>' needs to have dll-interface to be used by clients of class 'engine::Scene'
          with
          [
              _Kty=std::string,
              _Ty=engine::TileMap *
          ]
  c:\program files (x86)\microsoft visual studio 14.0\vc\include\xtree(652): note: see declaration of 'std::_Tree_iterator<std::_Tree_val<std::_Tree_simple_types<std::pair<const _Kty,_Ty>>>>'
          with
          [
              _Kty=std::string,
              _Ty=engine::TileMap *
          ]
c:\users\guido\desktop\gráficos\root\trunk\myengine\myengine1.0\scene.h(48): warning C4251: 'engine::Scene::m_pClsGroups': class 'std::map<std::string,engine::Scene::Entity2DVector *,std::less<_Kty>,std::allocator<std::pair<const _Kty,_Ty>>>' needs to have dll-interface to be used by clients of class 'engine::Scene'
          with
          [
              _Kty=std::string,
              _Ty=engine::Scene::Entity2DVector *
          ]
  c:\users\guido\desktop\gráficos\root\trunk\myengine\myengine1.0\scene.h(46): note: see declaration of 'std::map<std::string,engine::Scene::Entity2DVector *,std::less<_Kty>,std::allocator<std::pair<const _Kty,_Ty>>>'
          with
          [
              _Kty=std::string,
              _Ty=engine::Scene::Entity2DVector *
          ]
c:\users\guido\desktop\gráficos\root\trunk\myengine\myengine1.0\scene.h(49): warning C4251: 'engine::Scene::m_pClsGroupsIter': class 'std::_Tree_iterator<std::_Tree_val<std::_Tree_simple_types<std::pair<const _Kty,_Ty>>>>' needs to have dll-interface to be used by clients of class 'engine::Scene'
          with
          [
              _Kty=std::string,
              _Ty=engine::Scene::Entity2DVector *
          ]
  c:\program files (x86)\microsoft visual studio 14.0\vc\include\xtree(652): note: see declaration of 'std::_Tree_iterator<std::_Tree_val<std::_Tree_simple_types<std::pair<const _Kty,_Ty>>>>'
          with
          [
              _Kty=std::string,
              _Ty=engine::Scene::Entity2DVector *
          ]
c:\users\guido\desktop\gráficos\root\trunk\myengine\myengine1.0\scene.h(53): warning C4251: 'engine::Scene::m_pClsGroupsIterA': class 'std::_Tree_iterator<std::_Tree_val<std::_Tree_simple_types<std::pair<const _Kty,_Ty>>>>' needs to have dll-interface to be used by clients of class 'engine::Scene'
          with
          [
              _Kty=std::string,
              _Ty=engine::Scene::Entity2DVector *
          ]
  c:\program files (x86)\microsoft visual studio 14.0\vc\include\xtree(652): note: see declaration of 'std::_Tree_iterator<std::_Tree_val<std::_Tree_simple_types<std::pair<const _Kty,_Ty>>>>'
          with
          [
              _Kty=std::string,
              _Ty=engine::Scene::Entity2DVector *
          ]
c:\users\guido\desktop\gráficos\root\trunk\myengine\myengine1.0\scene.h(54): warning C4251: 'engine::Scene::m_pClsGroupsIterB': class 'std::_Tree_iterator<std::_Tree_val<std::_Tree_simple_types<std::pair<const _Kty,_Ty>>>>' needs to have dll-interface to be used by clients of class 'engine::Scene'
          with
          [
              _Kty=std::string,
              _Ty=engine::Scene::Entity2DVector *
          ]
  c:\program files (x86)\microsoft visual studio 14.0\vc\include\xtree(652): note: see declaration of 'std::_Tree_iterator<std::_Tree_val<std::_Tree_simple_types<std::pair<const _Kty,_Ty>>>>'
          with
          [
              _Kty=std::string,
              _Ty=engine::Scene::Entity2DVector *
          ]
  main.cpp
c:\users\guido\desktop\gráficos\root\trunk\myengine\myengine1.0\engine.h(43): warning C4251: 'engine::Engine::_t': class 'std::basic_string<char,std::char_traits<char>,std::allocator<char>>' needs to have dll-interface to be used by clients of class 'engine::Engine'
  c:\program files (x86)\microsoft visual studio 14.0\vc\include\xstring(2628): note: see declaration of 'std::basic_string<char,std::char_traits<char>,std::allocator<char>>'
c:\users\guido\desktop\gráficos\root\trunk\myengine\myengine1.0\game.h(28): warning C4251: 'engine::Game::m_map': class 'std::map<std::string,engine::Scene *,std::less<_Kty>,std::allocator<std::pair<const _Kty,_Ty>>>' needs to have dll-interface to be used by clients of class 'engine::Game'
          with
          [
              _Kty=std::string,
              _Ty=engine::Scene *
          ]
  c:\users\guido\desktop\gráficos\root\trunk\myengine\myengine1.0\game.h(28): note: see declaration of 'std::map<std::string,engine::Scene *,std::less<_Kty>,std::allocator<std::pair<const _Kty,_Ty>>>'
          with
          [
              _Kty=std::string,
              _Ty=engine::Scene *
          ]
c:\users\guido\desktop\gráficos\root\trunk\myengine\myengine1.0\game.h(29): warning C4251: 'engine::Game::m_mIterator': class 'std::_Tree_iterator<std::_Tree_val<std::_Tree_simple_types<std::pair<const _Kty,_Ty>>>>' needs to have dll-interface to be used by clients of class 'engine::Game'
          with
          [
              _Kty=std::string,
              _Ty=engine::Scene *
          ]
  c:\program files (x86)\microsoft visual studio 14.0\vc\include\xtree(652): note: see declaration of 'std::_Tree_iterator<std::_Tree_val<std::_Tree_simple_types<std::pair<const _Kty,_Ty>>>>'
          with
          [
              _Kty=std::string,
              _Ty=engine::Scene *
          ]
c:\users\guido\desktop\gráficos\root\trunk\myengine\myengine1.0\entity.h(52): warning C4251: 'engine::Entity::m_sColGroup': class 'std::basic_string<char,std::char_traits<char>,std::allocator<char>>' needs to have dll-interface to be used by clients of class 'engine::Entity'
  c:\program files (x86)\microsoft visual studio 14.0\vc\include\xstring(2628): note: see declaration of 'std::basic_string<char,std::char_traits<char>,std::allocator<char>>'
c:\users\guido\desktop\gráficos\root\trunk\myengine\myengine1.0\entity.h(53): warning C4251: 'engine::Entity::m_sName': class 'std::basic_string<char,std::char_traits<char>,std::allocator<char>>' needs to have dll-interface to be used by clients of class 'engine::Entity'
  c:\program files (x86)\microsoft visual studio 14.0\vc\include\xstring(2628): note: see declaration of 'std::basic_string<char,std::char_traits<char>,std::allocator<char>>'
c:\users\guido\desktop\gráficos\root\trunk\myengine\myengine1.0\sprite.h(20): warning C4251: 'engine::Sprite::m_pkAnimationList': class 'std::map<std::string,engine::Animation *,std::less<_Kty>,std::allocator<std::pair<const _Kty,_Ty>>>' needs to have dll-interface to be used by clients of class 'engine::Sprite'
          with
          [
              _Kty=std::string,
              _Ty=engine::Animation *
          ]
  c:\users\guido\desktop\gráficos\root\trunk\myengine\myengine1.0\sprite.h(20): note: see declaration of 'std::map<std::string,engine::Animation *,std::less<_Kty>,std::allocator<std::pair<const _Kty,_Ty>>>'
          with
          [
              _Kty=std::string,
              _Ty=engine::Animation *
          ]
c:\users\guido\desktop\gráficos\root\trunk\myengine\myengine1.0\renderer.h(39): warning C4251: 'engine::Renderer::m_vTexture': class 'std::vector<engine::Texture,std::allocator<_Ty>>' needs to have dll-interface to be used by clients of class 'engine::Renderer'
          with
          [
              _Ty=engine::Texture
          ]
  c:\users\guido\desktop\gráficos\root\trunk\myengine\myengine1.0\renderer.h(39): note: see declaration of 'std::vector<engine::Texture,std::allocator<_Ty>>'
          with
          [
              _Ty=engine::Texture
          ]
  GaMeT.cpp
c:\users\guido\desktop\gráficos\root\trunk\myengine\myengine1.0\game.h(28): warning C4251: 'engine::Game::m_map': class 'std::map<std::string,engine::Scene *,std::less<_Kty>,std::allocator<std::pair<const _Kty,_Ty>>>' needs to have dll-interface to be used by clients of class 'engine::Game'
          with
          [
              _Kty=std::string,
              _Ty=engine::Scene *
          ]
  c:\users\guido\desktop\gráficos\root\trunk\myengine\myengine1.0\game.h(28): note: see declaration of 'std::map<std::string,engine::Scene *,std::less<_Kty>,std::allocator<std::pair<const _Kty,_Ty>>>'
          with
          [
              _Kty=std::string,
              _Ty=engine::Scene *
          ]
c:\users\guido\desktop\gráficos\root\trunk\myengine\myengine1.0\game.h(29): warning C4251: 'engine::Game::m_mIterator': class 'std::_Tree_iterator<std::_Tree_val<std::_Tree_simple_types<std::pair<const _Kty,_Ty>>>>' needs to have dll-interface to be used by clients of class 'engine::Game'
          with
          [
              _Kty=std::string,
              _Ty=engine::Scene *
          ]
  c:\program files (x86)\microsoft visual studio 14.0\vc\include\xtree(652): note: see declaration of 'std::_Tree_iterator<std::_Tree_val<std::_Tree_simple_types<std::pair<const _Kty,_Ty>>>>'
          with
          [
              _Kty=std::string,
              _Ty=engine::Scene *
          ]
c:\users\guido\desktop\gráficos\root\trunk\myengine\myengine1.0\entity.h(52): warning C4251: 'engine::Entity::m_sColGroup': class 'std::basic_string<char,std::char_traits<char>,std::allocator<char>>' needs to have dll-interface to be used by clients of class 'engine::Entity'
  c:\program files (x86)\microsoft visual studio 14.0\vc\include\xstring(2628): note: see declaration of 'std::basic_string<char,std::char_traits<char>,std::allocator<char>>'
c:\users\guido\desktop\gráficos\root\trunk\myengine\myengine1.0\entity.h(53): warning C4251: 'engine::Entity::m_sName': class 'std::basic_string<char,std::char_traits<char>,std::allocator<char>>' needs to have dll-interface to be used by clients of class 'engine::Entity'
  c:\program files (x86)\microsoft visual studio 14.0\vc\include\xstring(2628): note: see declaration of 'std::basic_string<char,std::char_traits<char>,std::allocator<char>>'
c:\users\guido\desktop\gráficos\root\trunk\myengine\myengine1.0\sprite.h(20): warning C4251: 'engine::Sprite::m_pkAnimationList': class 'std::map<std::string,engine::Animation *,std::less<_Kty>,std::allocator<std::pair<const _Kty,_Ty>>>' needs to have dll-interface to be used by clients of class 'engine::Sprite'
          with
          [
              _Kty=std::string,
              _Ty=engine::Animation *
          ]
  c:\users\guido\desktop\gráficos\root\trunk\myengine\myengine1.0\sprite.h(20): note: see declaration of 'std::map<std::string,engine::Animation *,std::less<_Kty>,std::allocator<std::pair<const _Kty,_Ty>>>'
          with
          [
              _Kty=std::string,
              _Ty=engine::Animation *
          ]
c:\users\guido\desktop\gráficos\root\trunk\myengine\myengine1.0\renderer.h(39): warning C4251: 'engine::Renderer::m_vTexture': class 'std::vector<engine::Texture,std::allocator<_Ty>>' needs to have dll-interface to be used by clients of class 'engine::Renderer'
          with
          [
              _Ty=engine::Texture
          ]
  c:\users\guido\desktop\gráficos\root\trunk\myengine\myengine1.0\renderer.h(39): note: see declaration of 'std::vector<engine::Texture,std::allocator<_Ty>>'
          with
          [
              _Ty=engine::Texture
          ]
c:\users\guido\desktop\gráficos\root\trunk\myengine\myengine1.0\animation.h(26): warning C4251: 'engine::Animation::m_akFrames': class 'std::vector<engine::Animation::Frame,std::allocator<_Ty>>' needs to have dll-interface to be used by clients of class 'engine::Animation'
          with
          [
              _Ty=engine::Animation::Frame
          ]
  c:\users\guido\desktop\gráficos\root\trunk\myengine\myengine1.0\animation.h(20): note: see declaration of 'std::vector<engine::Animation::Frame,std::allocator<_Ty>>'
          with
          [
              _Ty=engine::Animation::Frame
          ]
c:\users\guido\desktop\gráficos\root\trunk\myengine\myengine1.0\animation.h(36): warning C4251: 'engine::Animation::_Name': class 'std::basic_string<char,std::char_traits<char>,std::allocator<char>>' needs to have dll-interface to be used by clients of class 'engine::Animation'
  c:\program files (x86)\microsoft visual studio 14.0\vc\include\xstring(2628): note: see declaration of 'std::basic_string<char,std::char_traits<char>,std::allocator<char>>'
c:\users\guido\desktop\gráficos\root\trunk\myengine\myengine1.0\scene.h(39): warning C4251: 'engine::Scene::m_sName': class 'std::basic_string<char,std::char_traits<char>,std::allocator<char>>' needs to have dll-interface to be used by clients of class 'engine::Scene'
  c:\program files (x86)\microsoft visual studio 14.0\vc\include\xstring(2628): note: see declaration of 'std::basic_string<char,std::char_traits<char>,std::allocator<char>>'
c:\users\guido\desktop\gráficos\root\trunk\myengine\myengine1.0\scene.h(40): warning C4251: 'engine::Scene::m_mapaEntity': class 'std::map<std::string,engine::Entity *,std::less<_Kty>,std::allocator<std::pair<const _Kty,_Ty>>>' needs to have dll-interface to be used by clients of class 'engine::Scene'
          with
          [
              _Kty=std::string,
              _Ty=engine::Entity *
          ]
  c:\users\guido\desktop\gráficos\root\trunk\myengine\myengine1.0\scene.h(40): note: see declaration of 'std::map<std::string,engine::Entity *,std::less<_Kty>,std::allocator<std::pair<const _Kty,_Ty>>>'
          with
          [
              _Kty=std::string,
              _Ty=engine::Entity *
          ]
c:\users\guido\desktop\gráficos\root\trunk\myengine\myengine1.0\scene.h(41): warning C4251: 'engine::Scene::m_mIteratorEntity': class 'std::_Tree_iterator<std::_Tree_val<std::_Tree_simple_types<std::pair<const _Kty,_Ty>>>>' needs to have dll-interface to be used by clients of class 'engine::Scene'
          with
          [
              _Kty=std::string,
              _Ty=engine::Entity *
          ]
  c:\program files (x86)\microsoft visual studio 14.0\vc\include\xtree(652): note: see declaration of 'std::_Tree_iterator<std::_Tree_val<std::_Tree_simple_types<std::pair<const _Kty,_Ty>>>>'
          with
          [
              _Kty=std::string,
              _Ty=engine::Entity *
          ]
c:\users\guido\desktop\gráficos\root\trunk\myengine\myengine1.0\scene.h(42): warning C4251: 'engine::Scene::m_mTileMaps': class 'std::map<std::string,engine::TileMap *,std::less<_Kty>,std::allocator<std::pair<const _Kty,_Ty>>>' needs to have dll-interface to be used by clients of class 'engine::Scene'
          with
          [
              _Kty=std::string,
              _Ty=engine::TileMap *
          ]
  c:\users\guido\desktop\gráficos\root\trunk\myengine\myengine1.0\scene.h(42): note: see declaration of 'std::map<std::string,engine::TileMap *,std::less<_Kty>,std::allocator<std::pair<const _Kty,_Ty>>>'
          with
          [
              _Kty=std::string,
              _Ty=engine::TileMap *
          ]
c:\users\guido\desktop\gráficos\root\trunk\myengine\myengine1.0\scene.h(43): warning C4251: 'engine::Scene::m_mTileMapsIter': class 'std::_Tree_iterator<std::_Tree_val<std::_Tree_simple_types<std::pair<const _Kty,_Ty>>>>' needs to have dll-interface to be used by clients of class 'engine::Scene'
          with
          [
              _Kty=std::string,
              _Ty=engine::TileMap *
          ]
  c:\program files (x86)\microsoft visual studio 14.0\vc\include\xtree(652): note: see declaration of 'std::_Tree_iterator<std::_Tree_val<std::_Tree_simple_types<std::pair<const _Kty,_Ty>>>>'
          with
          [
              _Kty=std::string,
              _Ty=engine::TileMap *
          ]
c:\users\guido\desktop\gráficos\root\trunk\myengine\myengine1.0\scene.h(48): warning C4251: 'engine::Scene::m_pClsGroups': class 'std::map<std::string,engine::Scene::Entity2DVector *,std::less<_Kty>,std::allocator<std::pair<const _Kty,_Ty>>>' needs to have dll-interface to be used by clients of class 'engine::Scene'
          with
          [
              _Kty=std::string,
              _Ty=engine::Scene::Entity2DVector *
          ]
  c:\users\guido\desktop\gráficos\root\trunk\myengine\myengine1.0\scene.h(46): note: see declaration of 'std::map<std::string,engine::Scene::Entity2DVector *,std::less<_Kty>,std::allocator<std::pair<const _Kty,_Ty>>>'
          with
          [
              _Kty=std::string,
              _Ty=engine::Scene::Entity2DVector *
          ]
c:\users\guido\desktop\gráficos\root\trunk\myengine\myengine1.0\scene.h(49): warning C4251: 'engine::Scene::m_pClsGroupsIter': class 'std::_Tree_iterator<std::_Tree_val<std::_Tree_simple_types<std::pair<const _Kty,_Ty>>>>' needs to have dll-interface to be used by clients of class 'engine::Scene'
          with
          [
              _Kty=std::string,
              _Ty=engine::Scene::Entity2DVector *
          ]
  c:\program files (x86)\microsoft visual studio 14.0\vc\include\xtree(652): note: see declaration of 'std::_Tree_iterator<std::_Tree_val<std::_Tree_simple_types<std::pair<const _Kty,_Ty>>>>'
          with
          [
              _Kty=std::string,
              _Ty=engine::Scene::Entity2DVector *
          ]
c:\users\guido\desktop\gráficos\root\trunk\myengine\myengine1.0\scene.h(53): warning C4251: 'engine::Scene::m_pClsGroupsIterA': class 'std::_Tree_iterator<std::_Tree_val<std::_Tree_simple_types<std::pair<const _Kty,_Ty>>>>' needs to have dll-interface to be used by clients of class 'engine::Scene'
          with
          [
              _Kty=std::string,
              _Ty=engine::Scene::Entity2DVector *
          ]
  c:\program files (x86)\microsoft visual studio 14.0\vc\include\xtree(652): note: see declaration of 'std::_Tree_iterator<std::_Tree_val<std::_Tree_simple_types<std::pair<const _Kty,_Ty>>>>'
          with
          [
              _Kty=std::string,
              _Ty=engine::Scene::Entity2DVector *
          ]
c:\users\guido\desktop\gráficos\root\trunk\myengine\myengine1.0\scene.h(54): warning C4251: 'engine::Scene::m_pClsGroupsIterB': class 'std::_Tree_iterator<std::_Tree_val<std::_Tree_simple_types<std::pair<const _Kty,_Ty>>>>' needs to have dll-interface to be used by clients of class 'engine::Scene'
          with
          [
              _Kty=std::string,
              _Ty=engine::Scene::Entity2DVector *
          ]
  c:\program files (x86)\microsoft visual studio 14.0\vc\include\xtree(652): note: see declaration of 'std::_Tree_iterator<std::_Tree_val<std::_Tree_simple_types<std::pair<const _Kty,_Ty>>>>'
          with
          [
              _Kty=std::string,
              _Ty=engine::Scene::Entity2DVector *
          ]
c:\users\guido\desktop\gráficos\root\trunk\myengine\myengine1.0\importer.h(45): warning C4251: 'engine::Importer::m_mTextureMap': class 'std::map<std::string,engine::Texture,std::less<_Kty>,std::allocator<std::pair<const _Kty,_Ty>>>' needs to have dll-interface to be used by clients of class 'engine::Importer'
          with
          [
              _Kty=std::string,
              _Ty=engine::Texture
          ]
  c:\users\guido\desktop\gráficos\root\trunk\myengine\myengine1.0\importer.h(45): note: see declaration of 'std::map<std::string,engine::Texture,std::less<_Kty>,std::allocator<std::pair<const _Kty,_Ty>>>'
          with
          [
              _Kty=std::string,
              _Ty=engine::Texture
          ]
c:\users\guido\desktop\gráficos\root\trunk\myengine\myengine1.0\importer.h(46): warning C4251: 'engine::Importer::m_mTilemaps': class 'std::map<std::string,engine::TileMap *,std::less<_Kty>,std::allocator<std::pair<const _Kty,_Ty>>>' needs to have dll-interface to be used by clients of class 'engine::Importer'
          with
          [
              _Kty=std::string,
              _Ty=engine::TileMap *
          ]
  c:\users\guido\desktop\gráficos\root\trunk\myengine\myengine1.0\scene.h(42): note: see declaration of 'std::map<std::string,engine::TileMap *,std::less<_Kty>,std::allocator<std::pair<const _Kty,_Ty>>>'
          with
          [
              _Kty=std::string,
              _Ty=engine::TileMap *
          ]
c:\users\guido\desktop\gráficos\root\trunk\myengine\myengine1.0\tilemap.h(17): warning C4251: 'engine::TileMap::m_sName': class 'std::basic_string<char,std::char_traits<char>,std::allocator<char>>' needs to have dll-interface to be used by clients of class 'engine::TileMap'
  c:\program files (x86)\microsoft visual studio 14.0\vc\include\xstring(2628): note: see declaration of 'std::basic_string<char,std::char_traits<char>,std::allocator<char>>'
c:\users\guido\desktop\gráficos\root\trunk\myengine\myengine1.0\tilemap.h(23): warning C4251: 'engine::TileMap::m_vLayers': class 'std::vector<std::vector<engine::Tile *,std::allocator<_Ty>>,std::allocator<std::vector<_Ty,std::allocator<_Ty>>>>' needs to have dll-interface to be used by clients of class 'engine::TileMap'
          with
          [
              _Ty=engine::Tile *
          ]
  c:\users\guido\desktop\gráficos\root\trunk\myengine\myengine1.0\tilemap.h(23): note: see declaration of 'std::vector<std::vector<engine::Tile *,std::allocator<_Ty>>,std::allocator<std::vector<_Ty,std::allocator<_Ty>>>>'
          with
          [
              _Ty=engine::Tile *
          ]
c:\users\guido\desktop\gráficos\root\trunk\myengine\myengine1.0\tilemap.h(24): warning C4251: 'engine::TileMap::m_mCollisionLayers': class 'std::map<std::string,int,std::less<_Kty>,std::allocator<std::pair<const _Kty,_Ty>>>' needs to have dll-interface to be used by clients of class 'engine::TileMap'
          with
          [
              _Kty=std::string,
              _Ty=int
          ]
  c:\users\guido\desktop\gráficos\root\trunk\myengine\myengine1.0\tilemap.h(24): note: see declaration of 'std::map<std::string,int,std::less<_Kty>,std::allocator<std::pair<const _Kty,_Ty>>>'
          with
          [
              _Kty=std::string,
              _Ty=int
          ]
  Generating Code...
  myGame.vcxproj -> C:\Users\Guido\Desktop\Gráficos\root\trunk\myEngine\Debug\myGame.exe
